<?xml version="1.0" encoding="UTF-8"?>
<testsuite name="com.app.themoviedatabase.data.MovieDbRepositoryTest" tests="6" skipped="0" failures="0" errors="0" timestamp="2021-11-17T02:51:28" hostname="NOPARUUU" time="1.767">
  <properties/>
  <testcase name="getFavouritedTvShows" classname="com.app.themoviedatabase.data.MovieDbRepositoryTest" time="1.733"/>
  <testcase name="getAllPopularMovies" classname="com.app.themoviedatabase.data.MovieDbRepositoryTest" time="0.012"/>
  <testcase name="getAllPopularTvShows" classname="com.app.themoviedatabase.data.MovieDbRepositoryTest" time="0.005"/>
  <testcase name="getPopularTvShowById" classname="com.app.themoviedatabase.data.MovieDbRepositoryTest" time="0.007"/>
  <testcase name="getPopularMovieById" classname="com.app.themoviedatabase.data.MovieDbRepositoryTest" time="0.005"/>
  <testcase name="getFavouritedMovies" classname="com.app.themoviedatabase.data.MovieDbRepositoryTest" time="0.003"/>
  <system-out><![CDATA[]]></system-out>
  <system-err><![CDATA[]]></system-err>
</testsuite>
