<?xml version="1.0" encoding="UTF-8"?>
<testsuite name="com.app.themoviedatabase.ui.detail.movie.DetailMovieViewModelTest" tests="1" skipped="0" failures="0" errors="0" timestamp="2021-11-17T02:51:30" hostname="NOPARUUU" time="0.092">
  <properties/>
  <testcase name="getMovie" classname="com.app.themoviedatabase.ui.detail.movie.DetailMovieViewModelTest" time="0.092"/>
  <system-out><![CDATA[]]></system-out>
  <system-err><![CDATA[]]></system-err>
</testsuite>
