<?xml version="1.0" encoding="UTF-8"?>
<testsuite name="com.app.themoviedatabase.ui.favorites.favoritetvshow.FavoriteTvShowViewModelTest" tests="1" skipped="0" failures="0" errors="0" timestamp="2021-11-17T02:51:30" hostname="NOPARUUU" time="0.004">
  <properties/>
  <testcase name="getFavouritedTvShows" classname="com.app.themoviedatabase.ui.favorites.favoritetvshow.FavoriteTvShowViewModelTest" time="0.004"/>
  <system-out><![CDATA[]]></system-out>
  <system-err><![CDATA[]]></system-err>
</testsuite>
