<?xml version="1.0" encoding="UTF-8"?>
<testsuite name="com.app.themoviedatabase.data.MovieDbRepositoryTest" tests="1" skipped="0" failures="0" errors="0" timestamp="2021-11-10T09:15:38" hostname="NOPARUUU" time="0.92">
  <properties/>
  <testcase name="getPopularTvShowById" classname="com.app.themoviedatabase.data.MovieDbRepositoryTest" time="0.92"/>
  <system-out><![CDATA[]]></system-out>
  <system-err><![CDATA[]]></system-err>
</testsuite>
